#
# A fatal error has been detected by the Java Runtime Environment:
#
#  EXCEPTION_ACCESS_VIOLATION (0xc0000005) at pc=0x000002a3464b0a1b, pid=14904, tid=12724
#
# JRE version: Java(TM) SE Runtime Environment 18.9 (11.0.14+8) (build 11.0.14+8-LTS-263)
# Java VM: Java HotSpot(TM) 64-Bit Server VM 18.9 (11.0.14+8-LTS-263, mixed mode, tiered, compressed oops, g1 gc, windows-amd64)
# Problematic frame:
# v  ~RuntimeStub::g1_post_barrier_slow
#
# No core dump will be written. Minidumps are not enabled by default on client versions of Windows
#
# If you would like to submit a bug report, please visit:
#   https://bugreport.java.com/bugreport/crash.jsp
#

---------------  S U M M A R Y ------------

Command Line: -XX:TieredStopAtLevel=1 -Xverify:none -Dspring.output.ansi.enabled=always -Dcom.sun.management.jmxremote -Dspring.jmx.enabled=true -Dspring.liveBeansView.mbeanDomain -Dspring.application.admin.enabled=true -javaagent:C:\Program Files\JetBrains\IntelliJ IDEA 2021.3.2\lib\idea_rt.jar=57536:C:\Program Files\JetBrains\IntelliJ IDEA 2021.3.2\bin -Dfile.encoding=UTF-8 com.Atef.gestionstock.GestionDeStockApplication

Host: Intel(R) Core(TM) i5-9300H CPU @ 2.40GHz, 8 cores, 15G,  Windows 10 , 64 bit Build 19041 (10.0.19041.1741)
Time: Sat Jun 18 00:52:08 2022 Afr. centrale Ouest elapsed time: 393.103288 seconds (0d 0h 6m 33s)

---------------  T H R E A D  ---------------

Current thread (0x000002a366951000):  JavaThread "http-nio-8081-exec-10" daemon [_thread_in_Java, id=12724, stack(0x000000c502200000,0x000000c502300000)]

Stack: [0x000000c502200000,0x000000c502300000],  sp=0x000000c5022fb140,  free space=1004k
Native frames: (J=compiled Java code, j=interpreted, Vv=VM code, C=native code)
C  0x000002a3464b0a1b


siginfo: EXCEPTION_ACCESS_VIOLATION (0xc0000005), reading address 0x000002a4a4101e4f


Register to memory mapping:

RIP=0x000002a3464b0a1b is at code_begin+27 in 
[CodeBlob (0x000002a3464b0990)]
Framesize: -1
Runtime Stub (0x000002a3464b0990): g1_post_barrier_slow
RAX=0x000002a3526d0000 is an unknown value
RBX=0x00000000002a4447 is an unknown value
RCX=0x000002a4a4101e4f is an unknown value
RDX=0x000002a3463c9e80 is at code_begin+1664 in an Interpreter codelet
invoke return entry points  [0x000002a3463c9800, 0x000002a3463ca200]  2560 bytes
RSP=0x000000c5022fb140 is pointing into the stack for thread: 0x000002a366951000
RBP=0x000000c5022fb150 is pointing into the stack for thread: 0x000002a366951000
RSI=0x000000070247cad0 is an oop: ch.qos.logback.core.spi.LogbackLock 
{0x000000070247cad0} - klass: 'ch/qos/logback/core/spi/LogbackLock'
RDI=0x0 is NULL
R8 =0x0 is NULL
R9 =0x000000070247c2f8 is an oop: ch.qos.logback.classic.LoggerContext 
{0x000000070247c2f8} - klass: 'ch/qos/logback/classic/LoggerContext'
R10=3762878810 is a compressed pointer to object: ch.qos.logback.core.spi.LogbackLock 
{0x000000070247cad0} - klass: 'ch/qos/logback/core/spi/LogbackLock'
R11=0x000002a3472b7f40 is at entry_point+32 in (nmethod*)0x000002a3472b7d90
R12=0x0 is NULL
R13=0x000000c5022fb1b0 is pointing into the stack for thread: 0x000002a366951000
R14=0x000000c5022fb238 is pointing into the stack for thread: 0x000002a366951000
R15=0x000002a366951000 is a thread


Registers:
RAX=0x000002a3526d0000, RBX=0x00000000002a4447, RCX=0x000002a4a4101e4f, RDX=0x000002a3463c9e80
RSP=0x000000c5022fb140, RBP=0x000000c5022fb150, RSI=0x000000070247cad0, RDI=0x0000000000000000
R8 =0x0000000000000000, R9 =0x000000070247c2f8, R10=0x00000000e048f95a, R11=0x000002a3472b7f40
R12=0x0000000000000000, R13=0x000000c5022fb1b0, R14=0x000000c5022fb238, R15=0x000002a366951000
RIP=0x000002a3464b0a1b, EFLAGS=0x0000000000010202

Top of Stack: (sp=0x000000c5022fb140)
0x000000c5022fb140:   0000000714621730 0000000000000000
0x000000c5022fb150:   000000c5022fb1a0 000002a34749e9c8
0x000000c5022fb160:   000002a3463c9e80 000002a366961100
0x000000c5022fb170:   0000000000000002 00007ffefe3d171c
0x000000c5022fb180:   0000000000000001 000002a361a83201
0x000000c5022fb190:   000000c5022fb1a0 000002a3473cdeac
0x000000c5022fb1a0:   000000c5022fb218 000002a3463c9e80
0x000000c5022fb1b0:   0000000000000000 00000007131ad238
0x000000c5022fb1c0:   00000007131ac290 0000000714621730
0x000000c5022fb1d0:   000000c5022fb1d0 000002a3674b545c
0x000000c5022fb1e0:   000000c5022fb238 000002a367e12740
0x000000c5022fb1f0:   0000000000000000 0000000709497948
0x000000c5022fb200:   000002a3674b5490 000000c5022fb1b0
0x000000c5022fb210:   000000c5022fb228 000000c5022fb290
0x000000c5022fb220:   000002a3463c9e80 00000007131ad238
0x000000c5022fb230:   00000007131ac290 0000000714621730 

Instructions: (pc=0x000002a3464b0a1b)
0x000002a3464b09fb:   60 00 00 00 00 55 48 8b ec 50 51 48 8b 4d 10 48
0x000002a3464b0a0b:   c1 e9 09 48 b8 00 00 6d 52 a3 02 00 00 48 03 c8
0x000002a3464b0a1b:   80 39 20 0f 84 09 02 00 00 f0 83 44 24 c0 00 80
0x000002a3464b0a2b:   39 00 0f 84 fa 01 00 00 c6 01 00 52 49 8b 57 70 


Stack slot to memory mapping:
stack at sp + 0 slots: 0x0000000714621730 is an oop: org.hibernate.loader.hql.QueryLoader 
{0x0000000714621730} - klass: 'org/hibernate/loader/hql/QueryLoader'
stack at sp + 1 slots: 0x0 is NULL
stack at sp + 2 slots: 0x000000c5022fb1a0 is pointing into the stack for thread: 0x000002a366951000
stack at sp + 3 slots: 0x000002a34749e9c8 is at entry_point+424 in (nmethod*)0x000002a34749e690
stack at sp + 4 slots: 0x000002a3463c9e80 is at code_begin+1664 in an Interpreter codelet
invoke return entry points  [0x000002a3463c9800, 0x000002a3463ca200]  2560 bytes
stack at sp + 5 slots: 0x000002a366961100 points into unknown readable memory: 0x0000000000000000 | 00 00 00 00 00 00 00 00
stack at sp + 6 slots: 0x0000000000000002 is an unknown value
stack at sp + 7 slots: 0x00007ffefe3d171c jvm.dll



---------------  P R O C E S S  ---------------

Threads class SMR info:
_java_thread_list=0x000002a36612e7b0, length=31, elements={
0x000002a3621f2800, 0x000002a3621fc000, 0x000002a361963800, 0x000002a361964800,
0x000002a361966000, 0x000002a362261800, 0x000002a362264800, 0x000002a3618f8000,
0x000002a362568800, 0x000002a362a9b000, 0x000002a363e72000, 0x000002a3645b3800,
0x000002a365d06800, 0x000002a365cd7000, 0x000002a365cd9000, 0x000002a365cd8000,
0x000002a365cd6800, 0x000002a366949800, 0x000002a36694b800, 0x000002a36694a800,
0x000002a366949000, 0x000002a36694d000, 0x000002a36694f800, 0x000002a36694c000,
0x000002a366952800, 0x000002a36694d800, 0x000002a36694e800, 0x000002a366951000,
0x000002a366953800, 0x000002a366954800, 0x000002a366950000
}

Java Threads: ( => current thread )
  0x000002a3621f2800 JavaThread "Reference Handler" daemon [_thread_blocked, id=14516, stack(0x000000c57f900000,0x000000c57fa00000)]
  0x000002a3621fc000 JavaThread "Finalizer" daemon [_thread_blocked, id=3960, stack(0x000000c57fa00000,0x000000c57fb00000)]
  0x000002a361963800 JavaThread "Signal Dispatcher" daemon [_thread_blocked, id=12088, stack(0x000000c57fb00000,0x000000c57fc00000)]
  0x000002a361964800 JavaThread "Attach Listener" daemon [_thread_blocked, id=9948, stack(0x000000c57fc00000,0x000000c57fd00000)]
  0x000002a361966000 JavaThread "Service Thread" daemon [_thread_blocked, id=3316, stack(0x000000c57fd00000,0x000000c57fe00000)]
  0x000002a362261800 JavaThread "C1 CompilerThread0" daemon [_thread_blocked, id=1952, stack(0x000000c57fe00000,0x000000c57ff00000)]
  0x000002a362264800 JavaThread "Sweeper thread" daemon [_thread_blocked, id=1244, stack(0x000000c57ff00000,0x000000c580000000)]
  0x000002a3618f8000 JavaThread "Common-Cleaner" daemon [_thread_blocked, id=2312, stack(0x000000c500000000,0x000000c500100000)]
  0x000002a362568800 JavaThread "Monitor Ctrl-Break" daemon [_thread_in_native, id=5864, stack(0x000000c500100000,0x000000c500200000)]
  0x000002a362a9b000 JavaThread "RMI TCP Accept-0" daemon [_thread_in_native, id=2916, stack(0x000000c500200000,0x000000c500300000)]
  0x000002a363e72000 JavaThread "RMI Scheduler(0)" daemon [_thread_blocked, id=11324, stack(0x000000c500f00000,0x000000c501000000)]
  0x000002a3645b3800 JavaThread "mysql-cj-abandoned-connection-cleanup" daemon [_thread_blocked, id=7696, stack(0x000000c501000000,0x000000c501100000)]
  0x000002a365d06800 JavaThread "HikariPool-1 housekeeper" daemon [_thread_blocked, id=3048, stack(0x000000c501200000,0x000000c501300000)]
  0x000002a365cd7000 JavaThread "Catalina-utility-1" [_thread_blocked, id=3664, stack(0x000000c501400000,0x000000c501500000)]
  0x000002a365cd9000 JavaThread "Catalina-utility-2" [_thread_blocked, id=6476, stack(0x000000c501500000,0x000000c501600000)]
  0x000002a365cd8000 JavaThread "container-0" [_thread_blocked, id=14460, stack(0x000000c501600000,0x000000c501700000)]
  0x000002a365cd6800 JavaThread "Live Reload Server" daemon [_thread_in_native, id=9536, stack(0x000000c501700000,0x000000c501800000)]
  0x000002a366949800 JavaThread "File Watcher" daemon [_thread_blocked, id=9156, stack(0x000000c501800000,0x000000c501900000)]
  0x000002a36694b800 JavaThread "http-nio-8081-exec-1" daemon [_thread_blocked, id=11600, stack(0x000000c501900000,0x000000c501a00000)]
  0x000002a36694a800 JavaThread "http-nio-8081-exec-2" daemon [_thread_blocked, id=15880, stack(0x000000c501a00000,0x000000c501b00000)]
  0x000002a366949000 JavaThread "http-nio-8081-exec-3" daemon [_thread_blocked, id=12484, stack(0x000000c501b00000,0x000000c501c00000)]
  0x000002a36694d000 JavaThread "http-nio-8081-exec-4" daemon [_thread_blocked, id=13504, stack(0x000000c501c00000,0x000000c501d00000)]
  0x000002a36694f800 JavaThread "http-nio-8081-exec-5" daemon [_thread_blocked, id=13972, stack(0x000000c501d00000,0x000000c501e00000)]
  0x000002a36694c000 JavaThread "http-nio-8081-exec-6" daemon [_thread_blocked, id=2220, stack(0x000000c501e00000,0x000000c501f00000)]
  0x000002a366952800 JavaThread "http-nio-8081-exec-7" daemon [_thread_blocked, id=5284, stack(0x000000c501f00000,0x000000c502000000)]
  0x000002a36694d800 JavaThread "http-nio-8081-exec-8" daemon [_thread_blocked, id=12076, stack(0x000000c502000000,0x000000c502100000)]
  0x000002a36694e800 JavaThread "http-nio-8081-exec-9" daemon [_thread_blocked, id=11300, stack(0x000000c502100000,0x000000c502200000)]
=>0x000002a366951000 JavaThread "http-nio-8081-exec-10" daemon [_thread_in_Java, id=12724, stack(0x000000c502200000,0x000000c502300000)]
  0x000002a366953800 JavaThread "http-nio-8081-Poller" daemon [_thread_in_native, id=6248, stack(0x000000c502300000,0x000000c502400000)]
  0x000002a366954800 JavaThread "http-nio-8081-Acceptor" daemon [_thread_in_native, id=2860, stack(0x000000c502400000,0x000000c502500000)]
  0x000002a366950000 JavaThread "DestroyJavaVM" [_thread_blocked, id=11980, stack(0x000000c57f200000,0x000000c57f300000)]

Other Threads:
  0x000002a36193a000 VMThread "VM Thread" [stack: 0x000000c57f800000,0x000000c57f900000] [id=8868]
  0x000002a362aa3000 WatcherThread [stack: 0x000000c500300000,0x000000c500400000] [id=12992]
  0x000002a33ed5a000 GCTaskThread "GC Thread#0" [stack: 0x000000c57f300000,0x000000c57f400000] [id=15620]
  0x000002a362e7f000 GCTaskThread "GC Thread#1" [stack: 0x000000c500400000,0x000000c500500000] [id=1672]
  0x000002a36395e800 GCTaskThread "GC Thread#2" [stack: 0x000000c500500000,0x000000c500600000] [id=16276]
  0x000002a362e6d800 GCTaskThread "GC Thread#3" [stack: 0x000000c500600000,0x000000c500700000] [id=9708]
  0x000002a362e96000 GCTaskThread "GC Thread#4" [stack: 0x000000c500700000,0x000000c500800000] [id=9628]
  0x000002a362e96800 GCTaskThread "GC Thread#5" [stack: 0x000000c500800000,0x000000c500900000] [id=3816]
  0x000002a363cce800 GCTaskThread "GC Thread#6" [stack: 0x000000c500c00000,0x000000c500d00000] [id=1592]
  0x000002a363c24000 GCTaskThread "GC Thread#7" [stack: 0x000000c500d00000,0x000000c500e00000] [id=12596]
  0x000002a33edb7000 ConcurrentGCThread "G1 Main Marker" [stack: 0x000000c57f400000,0x000000c57f500000] [id=8860]
  0x000002a33edb8800 ConcurrentGCThread "G1 Conc#0" [stack: 0x000000c57f500000,0x000000c57f600000] [id=5852]
  0x000002a363ac3000 ConcurrentGCThread "G1 Conc#1" [stack: 0x000000c500e00000,0x000000c500f00000] [id=12372]
  0x000002a36182a800 ConcurrentGCThread "G1 Refine#0" [stack: 0x000000c57f600000,0x000000c57f700000] [id=12904]
  0x000002a363d25000 ConcurrentGCThread "G1 Refine#1" [stack: 0x000000c502600000,0x000000c502700000] [id=6480]
  0x000002a36182b000 ConcurrentGCThread "G1 Young RemSet Sampling" [stack: 0x000000c57f700000,0x000000c57f800000] [id=10280]

Threads with active compile tasks:

VM state:not at safepoint (normal execution)

VM Mutex/Monitor currently owned by a thread: None

Heap address: 0x0000000702000000, size: 4064 MB, Compressed Oops mode: Zero based, Oop shift amount: 3
Narrow klass base: 0x0000000800000000, Narrow klass shift: 0
Compressed class space size: 1073741824 Address: 0x0000000800000000

Heap:
 garbage-first heap   total 312320K, used 106862K [0x0000000702000000, 0x0000000800000000)
  region size 1024K, 89 young (91136K), 20 survivors (20480K)
 Metaspace       used 71430K, capacity 73911K, committed 74288K, reserved 1114112K
  class space    used 9541K, capacity 10502K, committed 10624K, reserved 1048576K
Heap Regions: E=young(eden), S=young(survivor), O=old, HS=humongous(starts), HC=humongous(continues), CS=collection set, F=free, A=archive, TAMS=top-at-mark-start (previous, next)
|   0|0x0000000702000000, 0x0000000702100000, 0x0000000702100000|100%|HS|  |TAMS 0x0000000702100000, 0x0000000702000000| Complete 
|   1|0x0000000702100000, 0x0000000702200000, 0x0000000702200000|100%| O|  |TAMS 0x0000000702200000, 0x0000000702100000| Untracked 
|   2|0x0000000702200000, 0x0000000702300000, 0x0000000702300000|100%| O|  |TAMS 0x0000000702300000, 0x0000000702200000| Untracked 
|   3|0x0000000702300000, 0x0000000702400000, 0x0000000702400000|100%| O|  |TAMS 0x0000000702400000, 0x0000000702300000| Untracked 
|   4|0x0000000702400000, 0x0000000702500000, 0x0000000702500000|100%| O|  |TAMS 0x0000000702500000, 0x0000000702400000| Untracked 
|   5|0x0000000702500000, 0x0000000702600000, 0x0000000702600000|100%| O|  |TAMS 0x0000000702600000, 0x0000000702500000| Untracked 
|   6|0x0000000702600000, 0x0000000702700000, 0x0000000702700000|100%| O|  |TAMS 0x0000000702700000, 0x0000000702600000| Untracked 
|   7|0x0000000702700000, 0x0000000702800000, 0x0000000702800000|100%| O|  |TAMS 0x0000000702800000, 0x0000000702700000| Untracked 
|   8|0x0000000702800000, 0x0000000702900000, 0x0000000702900000|100%| O|  |TAMS 0x0000000702900000, 0x0000000702800000| Untracked 
|   9|0x0000000702900000, 0x0000000702a00000, 0x0000000702a00000|100%| O|  |TAMS 0x0000000702a00000, 0x0000000702900000| Untracked 
|  10|0x0000000702a00000, 0x0000000702b00000, 0x0000000702b00000|100%| O|  |TAMS 0x0000000702b00000, 0x0000000702a00000| Untracked 
|  11|0x0000000702b00000, 0x0000000702c00000, 0x0000000702c00000|100%| O|  |TAMS 0x0000000702c00000, 0x0000000702b00000| Untracked 
|  12|0x0000000702c00000, 0x0000000702d00000, 0x0000000702d00000|100%| O|  |TAMS 0x0000000702d00000, 0x0000000702c00000| Untracked 
|  13|0x0000000702d00000, 0x0000000702e00000, 0x0000000702e00000|100%| O|  |TAMS 0x0000000702e00000, 0x0000000702d00000| Untracked 
|  14|0x0000000702e00000, 0x0000000702f00000, 0x0000000702f00000|100%| O|  |TAMS 0x0000000702f00000, 0x0000000702e00000| Untracked 
|  15|0x0000000702f00000, 0x0000000703000000, 0x0000000703000000|100%| O|  |TAMS 0x0000000703000000, 0x0000000702f00000| Untracked 
|  16|0x0000000703000000, 0x0000000703100000, 0x0000000703100000|100%| O|  |TAMS 0x0000000703100000, 0x0000000703000000| Untracked 
|  17|0x0000000703100000, 0x00000007031cac00, 0x0000000703200000| 79%| O|  |TAMS 0x00000007031cac00, 0x0000000703100000| Untracked 
|  18|0x0000000703200000, 0x0000000703200000, 0x0000000703300000|  0%| F|  |TAMS 0x0000000703200000, 0x0000000703200000| Untracked 
|  19|0x0000000703300000, 0x0000000703300000, 0x0000000703400000|  0%| F|  |TAMS 0x0000000703300000, 0x0000000703300000| Untracked 
|  20|0x0000000703400000, 0x0000000703400000, 0x0000000703500000|  0%| F|  |TAMS 0x0000000703400000, 0x0000000703400000| Untracked 
|  21|0x0000000703500000, 0x0000000703500000, 0x0000000703600000|  0%| F|  |TAMS 0x0000000703500000, 0x0000000703500000| Untracked 
|  22|0x0000000703600000, 0x0000000703600000, 0x0000000703700000|  0%| F|  |TAMS 0x0000000703600000, 0x0000000703600000| Untracked 
|  23|0x0000000703700000, 0x0000000703700000, 0x0000000703800000|  0%| F|  |TAMS 0x0000000703700000, 0x0000000703700000| Untracked 
|  24|0x0000000703800000, 0x0000000703800000, 0x0000000703900000|  0%| F|  |TAMS 0x0000000703800000, 0x0000000703800000| Untracked 
|  25|0x0000000703900000, 0x0000000703900000, 0x0000000703a00000|  0%| F|  |TAMS 0x0000000703900000, 0x0000000703900000| Untracked 
|  26|0x0000000703a00000, 0x0000000703a00000, 0x0000000703b00000|  0%| F|  |TAMS 0x0000000703a00000, 0x0000000703a00000| Untracked 
|  27|0x0000000703b00000, 0x0000000703b00000, 0x0000000703c00000|  0%| F|  |TAMS 0x0000000703b00000, 0x0000000703b00000| Untracked 
|  28|0x0000000703c00000, 0x0000000703c00000, 0x0000000703d00000|  0%| F|  |TAMS 0x0000000703c00000, 0x0000000703c00000| Untracked 
|  29|0x0000000703d00000, 0x0000000703d00000, 0x0000000703e00000|  0%| F|  |TAMS 0x0000000703d00000, 0x0000000703d00000| Untracked 
|  30|0x0000000703e00000, 0x0000000703e00000, 0x0000000703f00000|  0%| F|  |TAMS 0x0000000703e00000, 0x0000000703e00000| Untracked 
|  31|0x0000000703f00000, 0x0000000703f00000, 0x0000000704000000|  0%| F|  |TAMS 0x0000000703f00000, 0x0000000703f00000| Untracked 
|  32|0x0000000704000000, 0x0000000704000000, 0x0000000704100000|  0%| F|  |TAMS 0x0000000704000000, 0x0000000704000000| Untracked 
|  33|0x0000000704100000, 0x0000000704100000, 0x0000000704200000|  0%| F|  |TAMS 0x0000000704100000, 0x0000000704100000| Untracked 
|  34|0x0000000704200000, 0x0000000704200000, 0x0000000704300000|  0%| F|  |TAMS 0x0000000704200000, 0x0000000704200000| Untracked 
|  35|0x0000000704300000, 0x0000000704300000, 0x0000000704400000|  0%| F|  |TAMS 0x0000000704300000, 0x0000000704300000| Untracked 
|  36|0x0000000704400000, 0x0000000704400000, 0x0000000704500000|  0%| F|  |TAMS 0x0000000704400000, 0x0000000704400000| Untracked 
|  37|0x0000000704500000, 0x0000000704500000, 0x0000000704600000|  0%| F|  |TAMS 0x0000000704500000, 0x0000000704500000| Untracked 
|  38|0x0000000704600000, 0x0000000704600000, 0x0000000704700000|  0%| F|  |TAMS 0x0000000704600000, 0x0000000704600000| Untracked 
|  39|0x0000000704700000, 0x0000000704700000, 0x0000000704800000|  0%| F|  |TAMS 0x0000000704700000, 0x0000000704700000| Untracked 
|  40|0x0000000704800000, 0x0000000704800000, 0x0000000704900000|  0%| F|  |TAMS 0x0000000704800000, 0x0000000704800000| Untracked 
|  41|0x0000000704900000, 0x0000000704900000, 0x0000000704a00000|  0%| F|  |TAMS 0x0000000704900000, 0x0000000704900000| Untracked 
|  42|0x0000000704a00000, 0x0000000704a00000, 0x0000000704b00000|  0%| F|  |TAMS 0x0000000704a00000, 0x0000000704a00000| Untracked 
|  43|0x0000000704b00000, 0x0000000704b00000, 0x0000000704c00000|  0%| F|  |TAMS 0x0000000704b00000, 0x0000000704b00000| Untracked 
|  44|0x0000000704c00000, 0x0000000704c00000, 0x0000000704d00000|  0%| F|  |TAMS 0x0000000704c00000, 0x0000000704c00000| Untracked 
|  45|0x0000000704d00000, 0x0000000704d00000, 0x0000000704e00000|  0%| F|  |TAMS 0x0000000704d00000, 0x0000000704d00000| Untracked 
|  46|0x0000000704e00000, 0x0000000704e00000, 0x0000000704f00000|  0%| F|  |TAMS 0x0000000704e00000, 0x0000000704e00000| Untracked 
|  47|0x0000000704f00000, 0x0000000704f00000, 0x0000000705000000|  0%| F|  |TAMS 0x0000000704f00000, 0x0000000704f00000| Untracked 
|  48|0x0000000705000000, 0x0000000705000000, 0x0000000705100000|  0%| F|  |TAMS 0x0000000705000000, 0x0000000705000000| Untracked 
|  49|0x0000000705100000, 0x0000000705100000, 0x0000000705200000|  0%| F|  |TAMS 0x0000000705100000, 0x0000000705100000| Untracked 
|  50|0x0000000705200000, 0x0000000705200000, 0x0000000705300000|  0%| F|  |TAMS 0x0000000705200000, 0x0000000705200000| Untracked 
|  51|0x0000000705300000, 0x0000000705300000, 0x0000000705400000|  0%| F|  |TAMS 0x0000000705300000, 0x0000000705300000| Untracked 
|  52|0x0000000705400000, 0x0000000705400000, 0x0000000705500000|  0%| F|  |TAMS 0x0000000705400000, 0x0000000705400000| Untracked 
|  53|0x0000000705500000, 0x0000000705500000, 0x0000000705600000|  0%| F|  |TAMS 0x0000000705500000, 0x0000000705500000| Untracked 
|  54|0x0000000705600000, 0x0000000705600000, 0x0000000705700000|  0%| F|  |TAMS 0x0000000705600000, 0x0000000705600000| Untracked 
|  55|0x0000000705700000, 0x0000000705700000, 0x0000000705800000|  0%| F|  |TAMS 0x0000000705700000, 0x0000000705700000| Untracked 
|  56|0x0000000705800000, 0x0000000705800000, 0x0000000705900000|  0%| F|  |TAMS 0x0000000705800000, 0x0000000705800000| Untracked 
|  57|0x0000000705900000, 0x0000000705900000, 0x0000000705a00000|  0%| F|  |TAMS 0x0000000705900000, 0x0000000705900000| Untracked 
|  58|0x0000000705a00000, 0x0000000705a00000, 0x0000000705b00000|  0%| F|  |TAMS 0x0000000705a00000, 0x0000000705a00000| Untracked 
|  59|0x0000000705b00000, 0x0000000705b00000, 0x0000000705c00000|  0%| F|  |TAMS 0x0000000705b00000, 0x0000000705b00000| Untracked 
|  60|0x0000000705c00000, 0x0000000705c00000, 0x0000000705d00000|  0%| F|  |TAMS 0x0000000705c00000, 0x0000000705c00000| Untracked 
|  61|0x0000000705d00000, 0x0000000705d00000, 0x0000000705e00000|  0%| F|  |TAMS 0x0000000705d00000, 0x0000000705d00000| Untracked 
|  62|0x0000000705e00000, 0x0000000705e00000, 0x0000000705f00000|  0%| F|  |TAMS 0x0000000705e00000, 0x0000000705e00000| Untracked 
|  63|0x0000000705f00000, 0x0000000705f00000, 0x0000000706000000|  0%| F|  |TAMS 0x0000000705f00000, 0x0000000705f00000| Untracked 
|  64|0x0000000706000000, 0x0000000706000000, 0x0000000706100000|  0%| F|  |TAMS 0x0000000706000000, 0x0000000706000000| Untracked 
|  65|0x0000000706100000, 0x0000000706100000, 0x0000000706200000|  0%| F|  |TAMS 0x0000000706100000, 0x0000000706100000| Untracked 
|  66|0x0000000706200000, 0x0000000706200000, 0x0000000706300000|  0%| F|  |TAMS 0x0000000706200000, 0x0000000706200000| Untracked 
|  67|0x0000000706300000, 0x0000000706300000, 0x0000000706400000|  0%| F|  |TAMS 0x0000000706300000, 0x0000000706300000| Untracked 
|  68|0x0000000706400000, 0x0000000706400000, 0x0000000706500000|  0%| F|  |TAMS 0x0000000706400000, 0x0000000706400000| Untracked 
|  69|0x0000000706500000, 0x0000000706500000, 0x0000000706600000|  0%| F|  |TAMS 0x0000000706500000, 0x0000000706500000| Untracked 
|  70|0x0000000706600000, 0x0000000706600000, 0x0000000706700000|  0%| F|  |TAMS 0x0000000706600000, 0x0000000706600000| Untracked 
|  71|0x0000000706700000, 0x0000000706700000, 0x0000000706800000|  0%| F|  |TAMS 0x0000000706700000, 0x0000000706700000| Untracked 
|  72|0x0000000706800000, 0x0000000706800000, 0x0000000706900000|  0%| F|  |TAMS 0x0000000706800000, 0x0000000706800000| Untracked 
|  73|0x0000000706900000, 0x0000000706900000, 0x0000000706a00000|  0%| F|  |TAMS 0x0000000706900000, 0x0000000706900000| Untracked 
|  74|0x0000000706a00000, 0x0000000706a00000, 0x0000000706b00000|  0%| F|  |TAMS 0x0000000706a00000, 0x0000000706a00000| Untracked 
|  75|0x0000000706b00000, 0x0000000706b00000, 0x0000000706c00000|  0%| F|  |TAMS 0x0000000706b00000, 0x0000000706b00000| Untracked 
|  76|0x0000000706c00000, 0x0000000706c00000, 0x0000000706d00000|  0%| F|  |TAMS 0x0000000706c00000, 0x0000000706c00000| Untracked 
|  77|0x0000000706d00000, 0x0000000706d00000, 0x0000000706e00000|  0%| F|  |TAMS 0x0000000706d00000, 0x0000000706d00000| Untracked 
|  78|0x0000000706e00000, 0x0000000706e00000, 0x0000000706f00000|  0%| F|  |TAMS 0x0000000706e00000, 0x0000000706e00000| Untracked 
|  79|0x0000000706f00000, 0x0000000706f00000, 0x0000000707000000|  0%| F|  |TAMS 0x0000000706f00000, 0x0000000706f00000| Untracked 
|  80|0x0000000707000000, 0x0000000707000000, 0x0000000707100000|  0%| F|  |TAMS 0x0000000707000000, 0x0000000707000000| Untracked 
|  81|0x0000000707100000, 0x0000000707100000, 0x0000000707200000|  0%| F|  |TAMS 0x0000000707100000, 0x0000000707100000| Untracked 
|  82|0x0000000707200000, 0x0000000707200000, 0x0000000707300000|  0%| F|  |TAMS 0x0000000707200000, 0x0000000707200000| Untracked 
|  83|0x0000000707300000, 0x0000000707300000, 0x0000000707400000|  0%| F|  |TAMS 0x0000000707300000, 0x0000000707300000| Untracked 
|  84|0x0000000707400000, 0x0000000707400000, 0x0000000707500000|  0%| F|  |TAMS 0x0000000707400000, 0x0000000707400000| Untracked 
|  85|0x0000000707500000, 0x0000000707500000, 0x0000000707600000|  0%| F|  |TAMS 0x0000000707500000, 0x0000000707500000| Untracked 
|  86|0x0000000707600000, 0x0000000707600000, 0x0000000707700000|  0%| F|  |TAMS 0x0000000707600000, 0x0000000707600000| Untracked 
|  87|0x0000000707700000, 0x0000000707700000, 0x0000000707800000|  0%| F|  |TAMS 0x0000000707700000, 0x0000000707700000| Untracked 
|  88|0x0000000707800000, 0x0000000707800000, 0x0000000707900000|  0%| F|  |TAMS 0x0000000707800000, 0x0000000707800000| Untracked 
|  89|0x0000000707900000, 0x0000000707900000, 0x0000000707a00000|  0%| F|  |TAMS 0x0000000707900000, 0x0000000707900000| Untracked 
|  90|0x0000000707a00000, 0x0000000707a00000, 0x0000000707b00000|  0%| F|  |TAMS 0x0000000707a00000, 0x0000000707a00000| Untracked 
|  91|0x0000000707b00000, 0x0000000707b00000, 0x0000000707c00000|  0%| F|  |TAMS 0x0000000707b00000, 0x0000000707b00000| Untracked 
|  92|0x0000000707c00000, 0x0000000707c00000, 0x0000000707d00000|  0%| F|  |TAMS 0x0000000707c00000, 0x0000000707c00000| Untracked 
|  93|0x0000000707d00000, 0x0000000707d00000, 0x0000000707e00000|  0%| F|  |TAMS 0x0000000707d00000, 0x0000000707d00000| Untracked 
|  94|0x0000000707e00000, 0x0000000707e00000, 0x0000000707f00000|  0%| F|  |TAMS 0x0000000707e00000, 0x0000000707e00000| Untracked 
|  95|0x0000000707f00000, 0x0000000707f00000, 0x0000000708000000|  0%| F|  |TAMS 0x0000000707f00000, 0x0000000707f00000| Untracked 
|  96|0x0000000708000000, 0x0000000708000000, 0x0000000708100000|  0%| F|  |TAMS 0x0000000708000000, 0x0000000708000000| Untracked 
|  97|0x0000000708100000, 0x0000000708100000, 0x0000000708200000|  0%| F|  |TAMS 0x0000000708100000, 0x0000000708100000| Untracked 
|  98|0x0000000708200000, 0x0000000708200000, 0x0000000708300000|  0%| F|  |TAMS 0x0000000708200000, 0x0000000708200000| Untracked 
|  99|0x0000000708300000, 0x0000000708300000, 0x0000000708400000|  0%| F|  |TAMS 0x0000000708300000, 0x0000000708300000| Untracked 
| 100|0x0000000708400000, 0x0000000708400000, 0x0000000708500000|  0%| F|  |TAMS 0x0000000708400000, 0x0000000708400000| Untracked 
| 101|0x0000000708500000, 0x0000000708500000, 0x0000000708600000|  0%| F|  |TAMS 0x0000000708500000, 0x0000000708500000| Untracked 
| 102|0x0000000708600000, 0x0000000708690ce0, 0x0000000708700000| 56%| S|CS|TAMS 0x0000000708600000, 0x0000000708600000| Complete 
| 103|0x0000000708700000, 0x0000000708800000, 0x0000000708800000|100%| S|CS|TAMS 0x0000000708700000, 0x0000000708700000| Complete 
| 104|0x0000000708800000, 0x0000000708900000, 0x0000000708900000|100%| S|CS|TAMS 0x0000000708800000, 0x0000000708800000| Complete 
| 105|0x0000000708900000, 0x0000000708a00000, 0x0000000708a00000|100%| S|CS|TAMS 0x0000000708900000, 0x0000000708900000| Complete 
| 106|0x0000000708a00000, 0x0000000708b00000, 0x0000000708b00000|100%| S|CS|TAMS 0x0000000708a00000, 0x0000000708a00000| Complete 
| 107|0x0000000708b00000, 0x0000000708c00000, 0x0000000708c00000|100%| S|CS|TAMS 0x0000000708b00000, 0x0000000708b00000| Complete 
| 108|0x0000000708c00000, 0x0000000708d00000, 0x0000000708d00000|100%| S|CS|TAMS 0x0000000708c00000, 0x0000000708c00000| Complete 
| 109|0x0000000708d00000, 0x0000000708e00000, 0x0000000708e00000|100%| S|CS|TAMS 0x0000000708d00000, 0x0000000708d00000| Complete 
| 110|0x0000000708e00000, 0x0000000708f00000, 0x0000000708f00000|100%| S|CS|TAMS 0x0000000708e00000, 0x0000000708e00000| Complete 
| 111|0x0000000708f00000, 0x0000000709000000, 0x0000000709000000|100%| S|CS|TAMS 0x0000000708f00000, 0x0000000708f00000| Complete 
| 112|0x0000000709000000, 0x0000000709100000, 0x0000000709100000|100%| S|CS|TAMS 0x0000000709000000, 0x0000000709000000| Complete 
| 113|0x0000000709100000, 0x0000000709200000, 0x0000000709200000|100%| S|CS|TAMS 0x0000000709100000, 0x0000000709100000| Complete 
| 114|0x0000000709200000, 0x0000000709300000, 0x0000000709300000|100%| S|CS|TAMS 0x0000000709200000, 0x0000000709200000| Complete 
| 115|0x0000000709300000, 0x0000000709400000, 0x0000000709400000|100%| S|CS|TAMS 0x0000000709300000, 0x0000000709300000| Complete 
| 116|0x0000000709400000, 0x0000000709500000, 0x0000000709500000|100%| S|CS|TAMS 0x0000000709400000, 0x0000000709400000| Complete 
| 117|0x0000000709500000, 0x0000000709600000, 0x0000000709600000|100%| S|CS|TAMS 0x0000000709500000, 0x0000000709500000| Complete 
| 118|0x0000000709600000, 0x0000000709700000, 0x0000000709700000|100%| S|CS|TAMS 0x0000000709600000, 0x0000000709600000| Complete 
| 119|0x0000000709700000, 0x0000000709800000, 0x0000000709800000|100%| S|CS|TAMS 0x0000000709700000, 0x0000000709700000| Complete 
| 120|0x0000000709800000, 0x0000000709900000, 0x0000000709900000|100%| S|CS|TAMS 0x0000000709800000, 0x0000000709800000| Complete 
| 121|0x0000000709900000, 0x0000000709a00000, 0x0000000709a00000|100%| S|CS|TAMS 0x0000000709900000, 0x0000000709900000| Complete 
| 122|0x0000000709a00000, 0x0000000709a00000, 0x0000000709b00000|  0%| F|  |TAMS 0x0000000709a00000, 0x0000000709a00000| Untracked 
| 123|0x0000000709b00000, 0x0000000709b00000, 0x0000000709c00000|  0%| F|  |TAMS 0x0000000709b00000, 0x0000000709b00000| Untracked 
| 124|0x0000000709c00000, 0x0000000709c00000, 0x0000000709d00000|  0%| F|  |TAMS 0x0000000709c00000, 0x0000000709c00000| Untracked 
| 125|0x0000000709d00000, 0x0000000709d00000, 0x0000000709e00000|  0%| F|  |TAMS 0x0000000709d00000, 0x0000000709d00000| Untracked 
| 126|0x0000000709e00000, 0x0000000709e00000, 0x0000000709f00000|  0%| F|  |TAMS 0x0000000709e00000, 0x0000000709e00000| Untracked 
| 127|0x0000000709f00000, 0x0000000709f00000, 0x000000070a000000|  0%| F|  |TAMS 0x0000000709f00000, 0x0000000709f00000| Untracked 
| 128|0x000000070a000000, 0x000000070a000000, 0x000000070a100000|  0%| F|  |TAMS 0x000000070a000000, 0x000000070a000000| Untracked 
| 129|0x000000070a100000, 0x000000070a100000, 0x000000070a200000|  0%| F|  |TAMS 0x000000070a100000, 0x000000070a100000| Untracked 
| 130|0x000000070a200000, 0x000000070a200000, 0x000000070a300000|  0%| F|  |TAMS 0x000000070a200000, 0x000000070a200000| Untracked 
| 131|0x000000070a300000, 0x000000070a300000, 0x000000070a400000|  0%| F|  |TAMS 0x000000070a300000, 0x000000070a300000| Untracked 
| 132|0x000000070a400000, 0x000000070a400000, 0x000000070a500000|  0%| F|  |TAMS 0x000000070a400000, 0x000000070a400000| Untracked 
| 133|0x000000070a500000, 0x000000070a500000, 0x000000070a600000|  0%| F|  |TAMS 0x000000070a500000, 0x000000070a500000| Untracked 
| 134|0x000000070a600000, 0x000000070a600000, 0x000000070a700000|  0%| F|  |TAMS 0x000000070a600000, 0x000000070a600000| Untracked 
| 135|0x000000070a700000, 0x000000070a700000, 0x000000070a800000|  0%| F|  |TAMS 0x000000070a700000, 0x000000070a700000| Untracked 
| 136|0x000000070a800000, 0x000000070a800000, 0x000000070a900000|  0%| F|  |TAMS 0x000000070a800000, 0x000000070a800000| Untracked 
| 137|0x000000070a900000, 0x000000070a900000, 0x000000070aa00000|  0%| F|  |TAMS 0x000000070a900000, 0x000000070a900000| Untracked 
| 138|0x000000070aa00000, 0x000000070aa00000, 0x000000070ab00000|  0%| F|  |TAMS 0x000000070aa00000, 0x000000070aa00000| Untracked 
| 139|0x000000070ab00000, 0x000000070ab00000, 0x000000070ac00000|  0%| F|  |TAMS 0x000000070ab00000, 0x000000070ab00000| Untracked 
| 140|0x000000070ac00000, 0x000000070ac00000, 0x000000070ad00000|  0%| F|  |TAMS 0x000000070ac00000, 0x000000070ac00000| Untracked 
| 141|0x000000070ad00000, 0x000000070ad00000, 0x000000070ae00000|  0%| F|  |TAMS 0x000000070ad00000, 0x000000070ad00000| Untracked 
| 142|0x000000070ae00000, 0x000000070ae00000, 0x000000070af00000|  0%| F|  |TAMS 0x000000070ae00000, 0x000000070ae00000| Untracked 
| 143|0x000000070af00000, 0x000000070af00000, 0x000000070b000000|  0%| F|  |TAMS 0x000000070af00000, 0x000000070af00000| Untracked 
| 144|0x000000070b000000, 0x000000070b000000, 0x000000070b100000|  0%| F|  |TAMS 0x000000070b000000, 0x000000070b000000| Untracked 
| 145|0x000000070b100000, 0x000000070b100000, 0x000000070b200000|  0%| F|  |TAMS 0x000000070b100000, 0x000000070b100000| Untracked 
| 146|0x000000070b200000, 0x000000070b200000, 0x000000070b300000|  0%| F|  |TAMS 0x000000070b200000, 0x000000070b200000| Untracked 
| 147|0x000000070b300000, 0x000000070b300000, 0x000000070b400000|  0%| F|  |TAMS 0x000000070b300000, 0x000000070b300000| Untracked 
| 148|0x000000070b400000, 0x000000070b400000, 0x000000070b500000|  0%| F|  |TAMS 0x000000070b400000, 0x000000070b400000| Untracked 
| 149|0x000000070b500000, 0x000000070b500000, 0x000000070b600000|  0%| F|  |TAMS 0x000000070b500000, 0x000000070b500000| Untracked 
| 150|0x000000070b600000, 0x000000070b600000, 0x000000070b700000|  0%| F|  |TAMS 0x000000070b600000, 0x000000070b600000| Untracked 
| 151|0x000000070b700000, 0x000000070b700000, 0x000000070b800000|  0%| F|  |TAMS 0x000000070b700000, 0x000000070b700000| Untracked 
| 152|0x000000070b800000, 0x000000070b800000, 0x000000070b900000|  0%| F|  |TAMS 0x000000070b800000, 0x000000070b800000| Untracked 
| 153|0x000000070b900000, 0x000000070b900000, 0x000000070ba00000|  0%| F|  |TAMS 0x000000070b900000, 0x000000070b900000| Untracked 
| 154|0x000000070ba00000, 0x000000070ba00000, 0x000000070bb00000|  0%| F|  |TAMS 0x000000070ba00000, 0x000000070ba00000| Untracked 
| 155|0x000000070bb00000, 0x000000070bb00000, 0x000000070bc00000|  0%| F|  |TAMS 0x000000070bb00000, 0x000000070bb00000| Untracked 
| 156|0x000000070bc00000, 0x000000070bc00000, 0x000000070bd00000|  0%| F|  |TAMS 0x000000070bc00000, 0x000000070bc00000| Untracked 
| 157|0x000000070bd00000, 0x000000070bd00000, 0x000000070be00000|  0%| F|  |TAMS 0x000000070bd00000, 0x000000070bd00000| Untracked 
| 158|0x000000070be00000, 0x000000070be00000, 0x000000070bf00000|  0%| F|  |TAMS 0x000000070be00000, 0x000000070be00000| Untracked 
| 159|0x000000070bf00000, 0x000000070bf00000, 0x000000070c000000|  0%| F|  |TAMS 0x000000070bf00000, 0x000000070bf00000| Untracked 
| 160|0x000000070c000000, 0x000000070c000000, 0x000000070c100000|  0%| F|  |TAMS 0x000000070c000000, 0x000000070c000000| Untracked 
| 161|0x000000070c100000, 0x000000070c100000, 0x000000070c200000|  0%| F|  |TAMS 0x000000070c100000, 0x000000070c100000| Untracked 
| 162|0x000000070c200000, 0x000000070c200000, 0x000000070c300000|  0%| F|  |TAMS 0x000000070c200000, 0x000000070c200000| Untracked 
| 163|0x000000070c300000, 0x000000070c300000, 0x000000070c400000|  0%| F|  |TAMS 0x000000070c300000, 0x000000070c300000| Untracked 
| 164|0x000000070c400000, 0x000000070c400000, 0x000000070c500000|  0%| F|  |TAMS 0x000000070c400000, 0x000000070c400000| Untracked 
| 165|0x000000070c500000, 0x000000070c500000, 0x000000070c600000|  0%| F|  |TAMS 0x000000070c500000, 0x000000070c500000| Untracked 
| 166|0x000000070c600000, 0x000000070c600000, 0x000000070c700000|  0%| F|  |TAMS 0x000000070c600000, 0x000000070c600000| Untracked 
| 167|0x000000070c700000, 0x000000070c700000, 0x000000070c800000|  0%| F|  |TAMS 0x000000070c700000, 0x000000070c700000| Untracked 
| 168|0x000000070c800000, 0x000000070c800000, 0x000000070c900000|  0%| F|  |TAMS 0x000000070c800000, 0x000000070c800000| Untracked 
| 169|0x000000070c900000, 0x000000070c900000, 0x000000070ca00000|  0%| F|  |TAMS 0x000000070c900000, 0x000000070c900000| Untracked 
| 170|0x000000070ca00000, 0x000000070ca00000, 0x000000070cb00000|  0%| F|  |TAMS 0x000000070ca00000, 0x000000070ca00000| Untracked 
| 171|0x000000070cb00000, 0x000000070cb00000, 0x000000070cc00000|  0%| F|  |TAMS 0x000000070cb00000, 0x000000070cb00000| Untracked 
| 172|0x000000070cc00000, 0x000000070cc00000, 0x000000070cd00000|  0%| F|  |TAMS 0x000000070cc00000, 0x000000070cc00000| Untracked 
| 173|0x000000070cd00000, 0x000000070cd00000, 0x000000070ce00000|  0%| F|  |TAMS 0x000000070cd00000, 0x000000070cd00000| Untracked 
| 174|0x000000070ce00000, 0x000000070ce00000, 0x000000070cf00000|  0%| F|  |TAMS 0x000000070ce00000, 0x000000070ce00000| Untracked 
| 175|0x000000070cf00000, 0x000000070cf00000, 0x000000070d000000|  0%| F|  |TAMS 0x000000070cf00000, 0x000000070cf00000| Untracked 
| 176|0x000000070d000000, 0x000000070d000000, 0x000000070d100000|  0%| F|  |TAMS 0x000000070d000000, 0x000000070d000000| Untracked 
| 177|0x000000070d100000, 0x000000070d100000, 0x000000070d200000|  0%| F|  |TAMS 0x000000070d100000, 0x000000070d100000| Untracked 
| 178|0x000000070d200000, 0x000000070d200000, 0x000000070d300000|  0%| F|  |TAMS 0x000000070d200000, 0x000000070d200000| Untracked 
| 179|0x000000070d300000, 0x000000070d300000, 0x000000070d400000|  0%| F|  |TAMS 0x000000070d300000, 0x000000070d300000| Untracked 
| 180|0x000000070d400000, 0x000000070d400000, 0x000000070d500000|  0%| F|  |TAMS 0x000000070d400000, 0x000000070d400000| Untracked 
| 181|0x000000070d500000, 0x000000070d500000, 0x000000070d600000|  0%| F|  |TAMS 0x000000070d500000, 0x000000070d500000| Untracked 
| 182|0x000000070d600000, 0x000000070d600000, 0x000000070d700000|  0%| F|  |TAMS 0x000000070d600000, 0x000000070d600000| Untracked 
| 183|0x000000070d700000, 0x000000070d700000, 0x000000070d800000|  0%| F|  |TAMS 0x000000070d700000, 0x000000070d700000| Untracked 
| 184|0x000000070d800000, 0x000000070d800000, 0x000000070d900000|  0%| F|  |TAMS 0x000000070d800000, 0x000000070d800000| Untracked 
| 185|0x000000070d900000, 0x000000070d900000, 0x000000070da00000|  0%| F|  |TAMS 0x000000070d900000, 0x000000070d900000| Untracked 
| 186|0x000000070da00000, 0x000000070da00000, 0x000000070db00000|  0%| F|  |TAMS 0x000000070da00000, 0x000000070da00000| Untracked 
| 187|0x000000070db00000, 0x000000070db00000, 0x000000070dc00000|  0%| F|  |TAMS 0x000000070db00000, 0x000000070db00000| Untracked 
| 188|0x000000070dc00000, 0x000000070dc00000, 0x000000070dd00000|  0%| F|  |TAMS 0x000000070dc00000, 0x000000070dc00000| Untracked 
| 189|0x000000070dd00000, 0x000000070dd00000, 0x000000070de00000|  0%| F|  |TAMS 0x000000070dd00000, 0x000000070dd00000| Untracked 
| 190|0x000000070de00000, 0x000000070de00000, 0x000000070df00000|  0%| F|  |TAMS 0x000000070de00000, 0x000000070de00000| Untracked 
| 191|0x000000070df00000, 0x000000070df00000, 0x000000070e000000|  0%| F|  |TAMS 0x000000070df00000, 0x000000070df00000| Untracked 
| 192|0x000000070e000000, 0x000000070e000000, 0x000000070e100000|  0%| F|  |TAMS 0x000000070e000000, 0x000000070e000000| Untracked 
| 193|0x000000070e100000, 0x000000070e100000, 0x000000070e200000|  0%| F|  |TAMS 0x000000070e100000, 0x000000070e100000| Untracked 
| 194|0x000000070e200000, 0x000000070e200000, 0x000000070e300000|  0%| F|  |TAMS 0x000000070e200000, 0x000000070e200000| Untracked 
| 195|0x000000070e300000, 0x000000070e300000, 0x000000070e400000|  0%| F|  |TAMS 0x000000070e300000, 0x000000070e300000| Untracked 
| 196|0x000000070e400000, 0x000000070e400000, 0x000000070e500000|  0%| F|  |TAMS 0x000000070e400000, 0x000000070e400000| Untracked 
| 197|0x000000070e500000, 0x000000070e500000, 0x000000070e600000|  0%| F|  |TAMS 0x000000070e500000, 0x000000070e500000| Untracked 
| 198|0x000000070e600000, 0x000000070e600000, 0x000000070e700000|  0%| F|  |TAMS 0x000000070e600000, 0x000000070e600000| Untracked 
| 199|0x000000070e700000, 0x000000070e700000, 0x000000070e800000|  0%| F|  |TAMS 0x000000070e700000, 0x000000070e700000| Untracked 
| 200|0x000000070e800000, 0x000000070e800000, 0x000000070e900000|  0%| F|  |TAMS 0x000000070e800000, 0x000000070e800000| Untracked 
| 201|0x000000070e900000, 0x000000070e900000, 0x000000070ea00000|  0%| F|  |TAMS 0x000000070e900000, 0x000000070e900000| Untracked 
| 202|0x000000070ea00000, 0x000000070ea00000, 0x000000070eb00000|  0%| F|  |TAMS 0x000000070ea00000, 0x000000070ea00000| Untracked 
| 203|0x000000070eb00000, 0x000000070eb00000, 0x000000070ec00000|  0%| F|  |TAMS 0x000000070eb00000, 0x000000070eb00000| Untracked 
| 204|0x000000070ec00000, 0x000000070ec00000, 0x000000070ed00000|  0%| F|  |TAMS 0x000000070ec00000, 0x000000070ec00000| Untracked 
| 205|0x000000070ed00000, 0x000000070ed00000, 0x000000070ee00000|  0%| F|  |TAMS 0x000000070ed00000, 0x000000070ed00000| Untracked 
| 206|0x000000070ee00000, 0x000000070ee00000, 0x000000070ef00000|  0%| F|  |TAMS 0x000000070ee00000, 0x000000070ee00000| Untracked 
| 207|0x000000070ef00000, 0x000000070ef00000, 0x000000070f000000|  0%| F|  |TAMS 0x000000070ef00000, 0x000000070ef00000| Untracked 
| 208|0x000000070f000000, 0x000000070f000000, 0x000000070f100000|  0%| F|  |TAMS 0x000000070f000000, 0x000000070f000000| Untracked 
| 209|0x000000070f100000, 0x000000070f100000, 0x000000070f200000|  0%| F|  |TAMS 0x000000070f100000, 0x000000070f100000| Untracked 
| 210|0x000000070f200000, 0x000000070f200000, 0x000000070f300000|  0%| F|  |TAMS 0x000000070f200000, 0x000000070f200000| Untracked 
| 211|0x000000070f300000, 0x000000070f300000, 0x000000070f400000|  0%| F|  |TAMS 0x000000070f300000, 0x000000070f300000| Untracked 
| 212|0x000000070f400000, 0x000000070f400000, 0x000000070f500000|  0%| F|  |TAMS 0x000000070f400000, 0x000000070f400000| Untracked 
| 213|0x000000070f500000, 0x000000070f500000, 0x000000070f600000|  0%| F|  |TAMS 0x000000070f500000, 0x000000070f500000| Untracked 
| 214|0x000000070f600000, 0x000000070f600000, 0x000000070f700000|  0%| F|  |TAMS 0x000000070f600000, 0x000000070f600000| Untracked 
| 215|0x000000070f700000, 0x000000070f700000, 0x000000070f800000|  0%| F|  |TAMS 0x000000070f700000, 0x000000070f700000| Untracked 
| 216|0x000000070f800000, 0x000000070f800000, 0x000000070f900000|  0%| F|  |TAMS 0x000000070f800000, 0x000000070f800000| Untracked 
| 217|0x000000070f900000, 0x000000070f900000, 0x000000070fa00000|  0%| F|  |TAMS 0x000000070f900000, 0x000000070f900000| Untracked 
| 218|0x000000070fa00000, 0x000000070fa00000, 0x000000070fb00000|  0%| F|  |TAMS 0x000000070fa00000, 0x000000070fa00000| Untracked 
| 219|0x000000070fb00000, 0x000000070fb00000, 0x000000070fc00000|  0%| F|  |TAMS 0x000000070fb00000, 0x000000070fb00000| Untracked 
| 220|0x000000070fc00000, 0x000000070fc00000, 0x000000070fd00000|  0%| F|  |TAMS 0x000000070fc00000, 0x000000070fc00000| Untracked 
| 221|0x000000070fd00000, 0x000000070fd00000, 0x000000070fe00000|  0%| F|  |TAMS 0x000000070fd00000, 0x000000070fd00000| Untracked 
| 222|0x000000070fe00000, 0x000000070fe00000, 0x000000070ff00000|  0%| F|  |TAMS 0x000000070fe00000, 0x000000070fe00000| Untracked 
| 223|0x000000070ff00000, 0x000000070ff00000, 0x0000000710000000|  0%| F|  |TAMS 0x000000070ff00000, 0x000000070ff00000| Untracked 
| 224|0x0000000710000000, 0x0000000710000000, 0x0000000710100000|  0%| F|  |TAMS 0x0000000710000000, 0x0000000710000000| Untracked 
| 225|0x0000000710100000, 0x0000000710100000, 0x0000000710200000|  0%| F|  |TAMS 0x0000000710100000, 0x0000000710100000| Untracked 
| 226|0x0000000710200000, 0x0000000710200000, 0x0000000710300000|  0%| F|  |TAMS 0x0000000710200000, 0x0000000710200000| Untracked 
| 227|0x0000000710300000, 0x0000000710300000, 0x0000000710400000|  0%| F|  |TAMS 0x0000000710300000, 0x0000000710300000| Untracked 
| 228|0x0000000710400000, 0x0000000710400000, 0x0000000710500000|  0%| F|  |TAMS 0x0000000710400000, 0x0000000710400000| Untracked 
| 229|0x0000000710500000, 0x0000000710500000, 0x0000000710600000|  0%| F|  |TAMS 0x0000000710500000, 0x0000000710500000| Untracked 
| 230|0x0000000710600000, 0x0000000710600000, 0x0000000710700000|  0%| F|  |TAMS 0x0000000710600000, 0x0000000710600000| Untracked 
| 231|0x0000000710700000, 0x0000000710700000, 0x0000000710800000|  0%| F|  |TAMS 0x0000000710700000, 0x0000000710700000| Untracked 
| 232|0x0000000710800000, 0x0000000710800000, 0x0000000710900000|  0%| F|  |TAMS 0x0000000710800000, 0x0000000710800000| Untracked 
| 233|0x0000000710900000, 0x0000000710900000, 0x0000000710a00000|  0%| F|  |TAMS 0x0000000710900000, 0x0000000710900000| Untracked 
| 234|0x0000000710a00000, 0x0000000710a00000, 0x0000000710b00000|  0%| F|  |TAMS 0x0000000710a00000, 0x0000000710a00000| Untracked 
| 235|0x0000000710b00000, 0x0000000710b00000, 0x0000000710c00000|  0%| F|  |TAMS 0x0000000710b00000, 0x0000000710b00000| Untracked 
| 236|0x0000000710c00000, 0x0000000710c50b38, 0x0000000710d00000| 31%| E|  |TAMS 0x0000000710c00000, 0x0000000710c00000| Complete 
| 237|0x0000000710d00000, 0x0000000710e00000, 0x0000000710e00000|100%| E|CS|TAMS 0x0000000710d00000, 0x0000000710d00000| Complete 
| 238|0x0000000710e00000, 0x0000000710f00000, 0x0000000710f00000|100%| E|CS|TAMS 0x0000000710e00000, 0x0000000710e00000| Complete 
| 239|0x0000000710f00000, 0x0000000711000000, 0x0000000711000000|100%| E|CS|TAMS 0x0000000710f00000, 0x0000000710f00000| Complete 
| 240|0x0000000711000000, 0x0000000711100000, 0x0000000711100000|100%| E|CS|TAMS 0x0000000711000000, 0x0000000711000000| Complete 
| 241|0x0000000711100000, 0x0000000711200000, 0x0000000711200000|100%| E|CS|TAMS 0x0000000711100000, 0x0000000711100000| Complete 
| 242|0x0000000711200000, 0x0000000711300000, 0x0000000711300000|100%| E|CS|TAMS 0x0000000711200000, 0x0000000711200000| Complete 
| 243|0x0000000711300000, 0x0000000711400000, 0x0000000711400000|100%| E|CS|TAMS 0x0000000711300000, 0x0000000711300000| Complete 
| 244|0x0000000711400000, 0x0000000711500000, 0x0000000711500000|100%| E|CS|TAMS 0x0000000711400000, 0x0000000711400000| Complete 
| 245|0x0000000711500000, 0x0000000711600000, 0x0000000711600000|100%| E|CS|TAMS 0x0000000711500000, 0x0000000711500000| Complete 
| 246|0x0000000711600000, 0x0000000711700000, 0x0000000711700000|100%| E|CS|TAMS 0x0000000711600000, 0x0000000711600000| Complete 
| 247|0x0000000711700000, 0x0000000711800000, 0x0000000711800000|100%| E|CS|TAMS 0x0000000711700000, 0x0000000711700000| Complete 
| 248|0x0000000711800000, 0x0000000711900000, 0x0000000711900000|100%| E|CS|TAMS 0x0000000711800000, 0x0000000711800000| Complete 
| 249|0x0000000711900000, 0x0000000711a00000, 0x0000000711a00000|100%| E|CS|TAMS 0x0000000711900000, 0x0000000711900000| Complete 
| 250|0x0000000711a00000, 0x0000000711b00000, 0x0000000711b00000|100%| E|CS|TAMS 0x0000000711a00000, 0x0000000711a00000| Complete 
| 251|0x0000000711b00000, 0x0000000711c00000, 0x0000000711c00000|100%| E|CS|TAMS 0x0000000711b00000, 0x0000000711b00000| Complete 
| 252|0x0000000711c00000, 0x0000000711d00000, 0x0000000711d00000|100%| E|CS|TAMS 0x0000000711c00000, 0x0000000711c00000| Complete 
| 253|0x0000000711d00000, 0x0000000711e00000, 0x0000000711e00000|100%| E|CS|TAMS 0x0000000711d00000, 0x0000000711d00000| Complete 
| 254|0x0000000711e00000, 0x0000000711f00000, 0x0000000711f00000|100%| E|CS|TAMS 0x0000000711e00000, 0x0000000711e00000| Complete 
| 255|0x0000000711f00000, 0x0000000712000000, 0x0000000712000000|100%| E|CS|TAMS 0x0000000711f00000, 0x0000000711f00000| Complete 
| 256|0x0000000712000000, 0x0000000712100000, 0x0000000712100000|100%| E|CS|TAMS 0x0000000712000000, 0x0000000712000000| Complete 
| 257|0x0000000712100000, 0x0000000712200000, 0x0000000712200000|100%| E|CS|TAMS 0x0000000712100000, 0x0000000712100000| Complete 
| 258|0x0000000712200000, 0x0000000712300000, 0x0000000712300000|100%| E|CS|TAMS 0x0000000712200000, 0x0000000712200000| Complete 
| 259|0x0000000712300000, 0x0000000712400000, 0x0000000712400000|100%| E|CS|TAMS 0x0000000712300000, 0x0000000712300000| Complete 
| 260|0x0000000712400000, 0x0000000712500000, 0x0000000712500000|100%| E|CS|TAMS 0x0000000712400000, 0x0000000712400000| Complete 
| 261|0x0000000712500000, 0x0000000712600000, 0x0000000712600000|100%| E|CS|TAMS 0x0000000712500000, 0x0000000712500000| Complete 
| 262|0x0000000712600000, 0x0000000712700000, 0x0000000712700000|100%| E|CS|TAMS 0x0000000712600000, 0x0000000712600000| Complete 
| 263|0x0000000712700000, 0x0000000712800000, 0x0000000712800000|100%| E|CS|TAMS 0x0000000712700000, 0x0000000712700000| Complete 
| 264|0x0000000712800000, 0x0000000712900000, 0x0000000712900000|100%| E|CS|TAMS 0x0000000712800000, 0x0000000712800000| Complete 
| 265|0x0000000712900000, 0x0000000712a00000, 0x0000000712a00000|100%| E|CS|TAMS 0x0000000712900000, 0x0000000712900000| Complete 
| 266|0x0000000712a00000, 0x0000000712b00000, 0x0000000712b00000|100%| E|CS|TAMS 0x0000000712a00000, 0x0000000712a00000| Complete 
| 267|0x0000000712b00000, 0x0000000712c00000, 0x0000000712c00000|100%| E|CS|TAMS 0x0000000712b00000, 0x0000000712b00000| Complete 
| 268|0x0000000712c00000, 0x0000000712d00000, 0x0000000712d00000|100%| E|CS|TAMS 0x0000000712c00000, 0x0000000712c00000| Complete 
| 269|0x0000000712d00000, 0x0000000712e00000, 0x0000000712e00000|100%| E|CS|TAMS 0x0000000712d00000, 0x0000000712d00000| Complete 
| 270|0x0000000712e00000, 0x0000000712f00000, 0x0000000712f00000|100%| E|CS|TAMS 0x0000000712e00000, 0x0000000712e00000| Complete 
| 271|0x0000000712f00000, 0x0000000713000000, 0x0000000713000000|100%| E|CS|TAMS 0x0000000712f00000, 0x0000000712f00000| Complete 
| 272|0x0000000713000000, 0x0000000713100000, 0x0000000713100000|100%| E|CS|TAMS 0x0000000713000000, 0x0000000713000000| Complete 
| 273|0x0000000713100000, 0x0000000713200000, 0x0000000713200000|100%| E|CS|TAMS 0x0000000713100000, 0x0000000713100000| Complete 
| 274|0x0000000713200000, 0x0000000713300000, 0x0000000713300000|100%| E|CS|TAMS 0x0000000713200000, 0x0000000713200000| Complete 
| 275|0x0000000713300000, 0x0000000713400000, 0x0000000713400000|100%| E|CS|TAMS 0x0000000713300000, 0x0000000713300000| Complete 
| 276|0x0000000713400000, 0x0000000713500000, 0x0000000713500000|100%| E|CS|TAMS 0x0000000713400000, 0x0000000713400000| Complete 
| 277|0x0000000713500000, 0x0000000713600000, 0x0000000713600000|100%| E|CS|TAMS 0x0000000713500000, 0x0000000713500000| Complete 
| 278|0x0000000713600000, 0x0000000713700000, 0x0000000713700000|100%| E|CS|TAMS 0x0000000713600000, 0x0000000713600000| Complete 
| 279|0x0000000713700000, 0x0000000713800000, 0x0000000713800000|100%| E|  |TAMS 0x0000000713700000, 0x0000000713700000| Complete 
| 280|0x0000000713800000, 0x0000000713900000, 0x0000000713900000|100%| E|CS|TAMS 0x0000000713800000, 0x0000000713800000| Complete 
| 281|0x0000000713900000, 0x0000000713a00000, 0x0000000713a00000|100%| E|CS|TAMS 0x0000000713900000, 0x0000000713900000| Complete 
| 282|0x0000000713a00000, 0x0000000713b00000, 0x0000000713b00000|100%| E|CS|TAMS 0x0000000713a00000, 0x0000000713a00000| Complete 
| 283|0x0000000713b00000, 0x0000000713c00000, 0x0000000713c00000|100%| E|CS|TAMS 0x0000000713b00000, 0x0000000713b00000| Complete 
| 284|0x0000000713c00000, 0x0000000713d00000, 0x0000000713d00000|100%| E|CS|TAMS 0x0000000713c00000, 0x0000000713c00000| Complete 
| 285|0x0000000713d00000, 0x0000000713e00000, 0x0000000713e00000|100%| E|CS|TAMS 0x0000000713d00000, 0x0000000713d00000| Complete 
| 286|0x0000000713e00000, 0x0000000713f00000, 0x0000000713f00000|100%| E|CS|TAMS 0x0000000713e00000, 0x0000000713e00000| Complete 
| 287|0x0000000713f00000, 0x0000000714000000, 0x0000000714000000|100%| E|CS|TAMS 0x0000000713f00000, 0x0000000713f00000| Complete 
| 288|0x0000000714000000, 0x0000000714100000, 0x0000000714100000|100%| E|CS|TAMS 0x0000000714000000, 0x0000000714000000| Complete 
| 289|0x0000000714100000, 0x0000000714200000, 0x0000000714200000|100%| E|CS|TAMS 0x0000000714100000, 0x0000000714100000| Complete 
| 290|0x0000000714200000, 0x0000000714300000, 0x0000000714300000|100%| E|CS|TAMS 0x0000000714200000, 0x0000000714200000| Complete 
| 291|0x0000000714300000, 0x0000000714400000, 0x0000000714400000|100%| E|CS|TAMS 0x0000000714300000, 0x0000000714300000| Complete 
| 292|0x0000000714400000, 0x0000000714500000, 0x0000000714500000|100%| E|CS|TAMS 0x0000000714400000, 0x0000000714400000| Complete 
| 293|0x0000000714500000, 0x0000000714600000, 0x0000000714600000|100%| E|CS|TAMS 0x0000000714500000, 0x0000000714500000| Complete 
| 294|0x0000000714600000, 0x0000000714700000, 0x0000000714700000|100%| E|CS|TAMS 0x0000000714600000, 0x0000000714600000| Complete 
| 295|0x0000000714700000, 0x0000000714800000, 0x0000000714800000|100%| E|CS|TAMS 0x0000000714700000, 0x0000000714700000| Complete 
| 296|0x0000000714800000, 0x0000000714900000, 0x0000000714900000|100%| E|CS|TAMS 0x0000000714800000, 0x0000000714800000| Complete 
| 297|0x0000000714900000, 0x0000000714a00000, 0x0000000714a00000|100%| E|CS|TAMS 0x0000000714900000, 0x0000000714900000| Complete 
| 298|0x0000000714a00000, 0x0000000714b00000, 0x0000000714b00000|100%| E|CS|TAMS 0x0000000714a00000, 0x0000000714a00000| Complete 
| 299|0x0000000714b00000, 0x0000000714c00000, 0x0000000714c00000|100%| E|CS|TAMS 0x0000000714b00000, 0x0000000714b00000| Complete 
| 300|0x0000000714c00000, 0x0000000714d00000, 0x0000000714d00000|100%| E|CS|TAMS 0x0000000714c00000, 0x0000000714c00000| Complete 
| 301|0x0000000714d00000, 0x0000000714e00000, 0x0000000714e00000|100%| E|CS|TAMS 0x0000000714d00000, 0x0000000714d00000| Complete 
| 302|0x0000000714e00000, 0x0000000714f00000, 0x0000000714f00000|100%| E|CS|TAMS 0x0000000714e00000, 0x0000000714e00000| Complete 
| 303|0x0000000714f00000, 0x0000000715000000, 0x0000000715000000|100%| E|CS|TAMS 0x0000000714f00000, 0x0000000714f00000| Complete 
| 304|0x0000000715000000, 0x0000000715100000, 0x0000000715100000|100%| E|CS|TAMS 0x0000000715000000, 0x0000000715000000| Complete 

Card table byte_map: [0x000002a355ee0000,0x000002a3566d0000] _byte_map_base: 0x000002a3526d0000

Marking Bits (Prev, Next): (CMBitMap*) 0x000002a33eda52d8, (CMBitMap*) 0x000002a33eda5310
 Prev Bits: [0x000002a356ec0000, 0x000002a35ae40000)
 Next Bits: [0x000002a35ae40000, 0x000002a35edc0000)

Polling page: 0x000002a33cca0000

Metaspace:

Usage:
  Non-class:     61.92 MB capacity,    60.44 MB ( 98%) used,     1.21 MB (  2%) free+waste,   281.31 KB ( <1%) overhead. 
      Class:     10.26 MB capacity,     9.32 MB ( 91%) used,   819.57 KB (  8%) free+waste,   141.13 KB (  1%) overhead. 
       Both:     72.18 MB capacity,    69.76 MB ( 97%) used,     2.01 MB (  3%) free+waste,   422.44 KB ( <1%) overhead. 

Virtual space:
  Non-class space:       64.00 MB reserved,      62.17 MB ( 97%) committed 
      Class space:        1.00 GB reserved,      10.38 MB (  1%) committed 
             Both:        1.06 GB reserved,      72.55 MB (  7%) committed 

Chunk freelists:
   Non-Class:  0 bytes
       Class:  0 bytes
        Both:  0 bytes

CodeHeap 'non-profiled nmethods': size=238336Kb used=14340Kb max_used=14340Kb free=223995Kb
 bounds [0x000002a346b00000, 0x000002a347910000, 0x000002a3553c0000]
CodeHeap 'non-nmethods': size=7424Kb used=1274Kb max_used=1274Kb free=6149Kb
 bounds [0x000002a3463c0000, 0x000002a346630000, 0x000002a346b00000]
 total_blobs=9877 nmethods=9224 adapters=577
 compilation: enabled
              stopped_count=0, restarted_count=0
 full_count=0

Compilation events (10 events):
Event: 324.081 Thread 0x000002a362261800 nmethod 9206 0x000002a3478f7e10 code [0x000002a3478f7fa0, 0x000002a3478f80d8]
Event: 331.209 Thread 0x000002a362261800 9207       1       sun.nio.ch.WindowsSelectorImpl::adjustThreadsCount (132 bytes)
Event: 331.209 Thread 0x000002a362261800 nmethod 9207 0x000002a3478f8610 code [0x000002a3478f8840, 0x000002a3478f8c18]
Event: 331.209 Thread 0x000002a362261800 9208       1       java.nio.channels.spi.AbstractSelector::begin (48 bytes)
Event: 331.209 Thread 0x000002a362261800 nmethod 9208 0x000002a3478f8e10 code [0x000002a3478f8fe0, 0x000002a3478f94f8]
Event: 331.209 Thread 0x000002a362261800 9209       1       sun.nio.ch.WindowsSelectorImpl$SubSelector::poll (51 bytes)
Event: 331.209 Thread 0x000002a362261800 nmethod 9209 0x000002a3478f9710 code [0x000002a3478f98a0, 0x000002a3478f99e8]
Event: 354.102 Thread 0x000002a362261800 9211       1       org.apache.catalina.core.StandardPipeline::getFirst (17 bytes)
Event: 354.102 Thread 0x000002a362261800 nmethod 9211 0x000002a3478f9a90 code [0x000002a3478f9c20, 0x000002a3478f9cf8]
Event: 393.097 Thread 0x000002a362261800 9212   !   1       org.apache.tomcat.util.buf.StringCache::toString (615 bytes)

GC Heap History (10 events):
Event: 1.596 GC heap before
{Heap before GC invocations=4 (full 0):
 garbage-first heap   total 260096K, used 61149K [0x0000000702000000, 0x0000000800000000)
  region size 1024K, 53 young (54272K), 3 survivors (3072K)
 Metaspace       used 24439K, capacity 25322K, committed 25520K, reserved 1071104K
  class space    used 2951K, capacity 3328K, committed 3328K, reserved 1048576K
}
Event: 1.600 GC heap after
{Heap after GC invocations=5 (full 0):
 garbage-first heap   total 260096K, used 12110K [0x0000000702000000, 0x0000000800000000)
  region size 1024K, 5 young (5120K), 5 survivors (5120K)
 Metaspace       used 24439K, capacity 25322K, committed 25520K, reserved 1071104K
  class space    used 2951K, capacity 3328K, committed 3328K, reserved 1048576K
}
Event: 2.534 GC heap before
{Heap before GC invocations=5 (full 0):
 garbage-first heap   total 260096K, used 160590K [0x0000000702000000, 0x0000000800000000)
  region size 1024K, 151 young (154624K), 5 survivors (5120K)
 Metaspace       used 34487K, capacity 35803K, committed 35888K, reserved 1081344K
  class space    used 4393K, capacity 4962K, committed 4992K, reserved 1048576K
}
Event: 2.543 GC heap after
{Heap after GC invocations=6 (full 0):
 garbage-first heap   total 260096K, used 18800K [0x0000000702000000, 0x0000000800000000)
  region size 1024K, 11 young (11264K), 11 survivors (11264K)
 Metaspace       used 34487K, capacity 35803K, committed 35888K, reserved 1081344K
  class space    used 4393K, capacity 4962K, committed 4992K, reserved 1048576K
}
Event: 3.674 GC heap before
{Heap before GC invocations=7 (full 0):
 garbage-first heap   total 260096K, used 163184K [0x0000000702000000, 0x0000000800000000)
  region size 1024K, 152 young (155648K), 11 survivors (11264K)
 Metaspace       used 53794K, capacity 55519K, committed 55728K, reserved 1097728K
  class space    used 7108K, capacity 7810K, committed 7936K, reserved 1048576K
}
Event: 3.686 GC heap after
{Heap after GC invocations=8 (full 0):
 garbage-first heap   total 260096K, used 25916K [0x0000000702000000, 0x0000000800000000)
  region size 1024K, 16 young (16384K), 16 survivors (16384K)
 Metaspace       used 53794K, capacity 55519K, committed 55728K, reserved 1097728K
  class space    used 7108K, capacity 7810K, committed 7936K, reserved 1048576K
}
Event: 4.151 GC heap before
{Heap before GC invocations=8 (full 0):
 garbage-first heap   total 260096K, used 142652K [0x0000000702000000, 0x0000000800000000)
  region size 1024K, 131 young (134144K), 16 survivors (16384K)
 Metaspace       used 58236K, capacity 60116K, committed 60208K, reserved 1101824K
  class space    used 7695K, capacity 8496K, committed 8576K, reserved 1048576K
}
Event: 4.164 GC heap after
{Heap after GC invocations=9 (full 0):
 garbage-first heap   total 312320K, used 30157K [0x0000000702000000, 0x0000000800000000)
  region size 1024K, 12 young (12288K), 12 survivors (12288K)
 Metaspace       used 58236K, capacity 60116K, committed 60208K, reserved 1101824K
  class space    used 7695K, capacity 8496K, committed 8576K, reserved 1048576K
}
Event: 59.718 GC heap before
{Heap before GC invocations=10 (full 0):
 garbage-first heap   total 312320K, used 205261K [0x0000000702000000, 0x0000000800000000)
  region size 1024K, 183 young (187392K), 12 survivors (12288K)
 Metaspace       used 69168K, capacity 71527K, committed 71600K, reserved 1110016K
  class space    used 9259K, capacity 10204K, committed 10240K, reserved 1048576K
}
Event: 59.731 GC heap after
{Heap after GC invocations=11 (full 0):
 garbage-first heap   total 312320K, used 38254K [0x0000000702000000, 0x0000000800000000)
  region size 1024K, 20 young (20480K), 20 survivors (20480K)
 Metaspace       used 69168K, capacity 71527K, committed 71600K, reserved 1110016K
  class space    used 9259K, capacity 10204K, committed 10240K, reserved 1048576K
}

Deoptimization events (0 events):
No events

Classes redefined (0 events):
No events

Internal exceptions (10 events):
Event: 4.976 Thread 0x000002a3639e3800 Exception <a 'java/lang/ClassNotFoundException'{0x000000070d662d88}: com/Atef/gestionstock/model/ClientCustomizer> (0x000000070d662d88) thrown at [./open/src/hotspot/share/classfile/systemDictionary.cpp, line 226]
Event: 4.978 Thread 0x000002a3639e3800 Exception <a 'java/lang/ClassNotFoundException'{0x000000070d6b5250}: com/Atef/gestionstock/model/LigneVenteBeanInfo> (0x000000070d6b5250) thrown at [./open/src/hotspot/share/classfile/systemDictionary.cpp, line 226]
Event: 4.978 Thread 0x000002a3639e3800 Exception <a 'java/lang/ClassNotFoundException'{0x000000070d6c9118}: com/Atef/gestionstock/model/LigneVenteCustomizer> (0x000000070d6c9118) thrown at [./open/src/hotspot/share/classfile/systemDictionary.cpp, line 226]
Event: 4.978 Thread 0x000002a3639e3800 Exception <a 'java/lang/ClassNotFoundException'{0x000000070d6ea640}: com/Atef/gestionstock/model/VentesBeanInfo> (0x000000070d6ea640) thrown at [./open/src/hotspot/share/classfile/systemDictionary.cpp, line 226]
Event: 4.978 Thread 0x000002a3639e3800 Exception <a 'java/lang/ClassNotFoundException'{0x000000070d6fdbe0}: com/Atef/gestionstock/model/VentesCustomizer> (0x000000070d6fdbe0) thrown at [./open/src/hotspot/share/classfile/systemDictionary.cpp, line 226]
Event: 4.979 Thread 0x000002a3639e3800 Exception <a 'java/lang/ClassNotFoundException'{0x000000070d5314a0}: com/Atef/gestionstock/model/MvtStkBeanInfo> (0x000000070d5314a0) thrown at [./open/src/hotspot/share/classfile/systemDictionary.cpp, line 226]
Event: 4.980 Thread 0x000002a3639e3800 Exception <a 'java/lang/ClassNotFoundException'{0x000000070d544a40}: com/Atef/gestionstock/model/MvtStkCustomizer> (0x000000070d544a40) thrown at [./open/src/hotspot/share/classfile/systemDictionary.cpp, line 226]
Event: 84.879 Thread 0x000002a36694d800 Exception <a 'java/lang/NoSuchMethodError'{0x000000071458d800}: java.lang.invoke.DirectMethodHandle$Holder.invokeStaticInit(Ljava/lang/Object;Ljava/lang/Object;Ljava/lang/Object;Ljava/lang/Object;Ljava/lang/Object;Ljava/lang/Object;)Ljava/lang/Object;> (0
Event: 84.918 Thread 0x000002a36694d800 Exception <a 'sun/nio/fs/WindowsException'{0x0000000714142878}> (0x0000000714142878) thrown at [./open/src/hotspot/share/prims/jni.cpp, line 611]
Event: 127.223 Thread 0x000002a36694e800 Exception <a 'java/lang/NoSuchMethodError'{0x00000007136fa128}: java.lang.invoke.DirectMethodHandle$Holder.invokeInterface(Ljava/lang/Object;Ljava/lang/Object;Ljava/lang/Object;Ljava/lang/Object;)Ljava/lang/Object;> (0x00000007136fa128) thrown at [./open/

Events (10 events):
Event: 271.913 loading class java/time/format/DateTimePrintContext
Event: 271.913 loading class java/time/format/DateTimePrintContext done
Event: 271.913 loading class java/time/Instant$1
Event: 271.914 loading class java/time/Instant$1 done
Event: 295.852 loading class com/Atef/gestionstock/model/Fournisseur
Event: 295.852 loading class com/Atef/gestionstock/model/Fournisseur done
Event: 295.852 loading class com/Atef/gestionstock/model/Fournisseur
Event: 295.852 loading class com/Atef/gestionstock/model/Fournisseur done
Event: 356.440 Executing VM operation: RevokeBias
Event: 356.440 Executing VM operation: RevokeBias done


Dynamic libraries:
0x00007ff7b1bc0000 - 0x00007ff7b1bcf000 	C:\Program Files\Java\jdk-11.0.14\bin\java.exe
0x00007fff5f150000 - 0x00007fff5f347000 	C:\Windows\SYSTEM32\ntdll.dll
0x00007fff5d1b0000 - 0x00007fff5d26d000 	C:\Windows\System32\KERNEL32.DLL
0x00007fff5c9a0000 - 0x00007fff5cc6d000 	C:\Windows\System32\KERNELBASE.dll
0x00007fff5cdb0000 - 0x00007fff5ceb0000 	C:\Windows\System32\ucrtbase.dll
0x00007fff3bb70000 - 0x00007fff3bb85000 	C:\Program Files\Java\jdk-11.0.14\bin\VCRUNTIME140.dll
0x00007fff3bb50000 - 0x00007fff3bb68000 	C:\Program Files\Java\jdk-11.0.14\bin\jli.dll
0x00007fff5e550000 - 0x00007fff5e5fe000 	C:\Windows\System32\ADVAPI32.dll
0x00007fff5eec0000 - 0x00007fff5ef5e000 	C:\Windows\System32\msvcrt.dll
0x00007fff5f070000 - 0x00007fff5f10c000 	C:\Windows\System32\sechost.dll
0x00007fff5e6d0000 - 0x00007fff5e7f5000 	C:\Windows\System32\RPCRT4.dll
0x00007fff5d2f0000 - 0x00007fff5d490000 	C:\Windows\System32\USER32.dll
0x00007fff5cd80000 - 0x00007fff5cda2000 	C:\Windows\System32\win32u.dll
0x00007fff5e800000 - 0x00007fff5e82a000 	C:\Windows\System32\GDI32.dll
0x00007fff4ad00000 - 0x00007fff4af9a000 	C:\Windows\WinSxS\amd64_microsoft.windows.common-controls_6595b64144ccf1df_6.0.19041.1110_none_60b5254171f9507e\COMCTL32.dll
0x00007fff5ceb0000 - 0x00007fff5cfbb000 	C:\Windows\System32\gdi32full.dll
0x00007fff5cc70000 - 0x00007fff5cd0d000 	C:\Windows\System32\msvcp_win.dll
0x00007fff55a00000 - 0x00007fff55a0a000 	C:\Windows\SYSTEM32\VERSION.dll
0x00007fff5e900000 - 0x00007fff5e930000 	C:\Windows\System32\IMM32.DLL
0x00007fff37710000 - 0x00007fff377ab000 	C:\Program Files\Java\jdk-11.0.14\bin\msvcp140.dll
0x00007ffefddf0000 - 0x00007ffefe906000 	C:\Program Files\Java\jdk-11.0.14\bin\server\jvm.dll
0x00007fff5e930000 - 0x00007fff5e938000 	C:\Windows\System32\PSAPI.DLL
0x00007fff4bf20000 - 0x00007fff4bf29000 	C:\Windows\SYSTEM32\WSOCK32.dll
0x00007fff4e4c0000 - 0x00007fff4e4e7000 	C:\Windows\SYSTEM32\WINMM.dll
0x00007fff5e890000 - 0x00007fff5e8fb000 	C:\Windows\System32\WS2_32.dll
0x00007fff5b100000 - 0x00007fff5b112000 	C:\Windows\SYSTEM32\kernel.appcore.dll
0x00007fff3ce80000 - 0x00007fff3ce90000 	C:\Program Files\Java\jdk-11.0.14\bin\verify.dll
0x00007fff5a670000 - 0x00007fff5a854000 	C:\Windows\SYSTEM32\DBGHELP.DLL
0x00007fff54500000 - 0x00007fff5452c000 	C:\Windows\SYSTEM32\dbgcore.DLL
0x00007fff5d120000 - 0x00007fff5d1a2000 	C:\Windows\System32\bcryptPrimitives.dll
0x00007fff3bb20000 - 0x00007fff3bb48000 	C:\Program Files\Java\jdk-11.0.14\bin\java.dll
0x00007fff3c7b0000 - 0x00007fff3c7ba000 	C:\Program Files\Java\jdk-11.0.14\bin\jimage.dll
0x00007fff57250000 - 0x00007fff5725e000 	C:\Program Files\Java\jdk-11.0.14\bin\instrument.dll
0x00007fff38980000 - 0x00007fff38996000 	C:\Program Files\Java\jdk-11.0.14\bin\zip.dll
0x00007fff5dcc0000 - 0x00007fff5e404000 	C:\Windows\System32\SHELL32.dll
0x00007fff5a950000 - 0x00007fff5b0e4000 	C:\Windows\SYSTEM32\windows.storage.dll
0x00007fff5d820000 - 0x00007fff5db74000 	C:\Windows\System32\combase.dll
0x00007fff5c2d0000 - 0x00007fff5c2fc000 	C:\Windows\SYSTEM32\Wldp.dll
0x00007fff5d490000 - 0x00007fff5d53d000 	C:\Windows\System32\SHCORE.dll
0x00007fff5ef60000 - 0x00007fff5efb5000 	C:\Windows\System32\shlwapi.dll
0x00007fff5c7b0000 - 0x00007fff5c7cf000 	C:\Windows\SYSTEM32\profapi.dll
0x00007fff376f0000 - 0x00007fff37709000 	C:\Program Files\Java\jdk-11.0.14\bin\net.dll
0x00007fff53140000 - 0x00007fff5324a000 	C:\Windows\SYSTEM32\WINHTTP.dll
0x00007fff5c030000 - 0x00007fff5c09a000 	C:\Windows\system32\mswsock.dll
0x00007fff376d0000 - 0x00007fff376e2000 	C:\Program Files\Java\jdk-11.0.14\bin\nio.dll
0x00007fff3cf80000 - 0x00007fff3cf9a000 	C:\Program Files\JetBrains\IntelliJ IDEA 2021.3.2\bin\breakgen64.dll
0x00007fff5bd10000 - 0x00007fff5bddb000 	C:\Windows\SYSTEM32\DNSAPI.dll
0x00007fff5bcd0000 - 0x00007fff5bd0b000 	C:\Windows\SYSTEM32\IPHLPAPI.DLL
0x00007fff5d2d0000 - 0x00007fff5d2d8000 	C:\Windows\System32\NSI.dll
0x00007fff52b30000 - 0x00007fff52b3a000 	C:\Windows\System32\rasadhlp.dll
0x00007fff52300000 - 0x00007fff52380000 	C:\Windows\System32\fwpuclnt.dll
0x00007fff5c870000 - 0x00007fff5c897000 	C:\Windows\System32\bcrypt.dll
0x00007fff3cf70000 - 0x00007fff3cf79000 	C:\Program Files\Java\jdk-11.0.14\bin\management.dll
0x00007fff3cf60000 - 0x00007fff3cf6b000 	C:\Program Files\Java\jdk-11.0.14\bin\management_ext.dll
0x00007fff5c220000 - 0x00007fff5c238000 	C:\Windows\SYSTEM32\CRYPTSP.dll
0x00007fff5b940000 - 0x00007fff5b974000 	C:\Windows\system32\rsaenh.dll
0x00007fff5c770000 - 0x00007fff5c79e000 	C:\Windows\SYSTEM32\USERENV.dll
0x00007fff5c240000 - 0x00007fff5c24c000 	C:\Windows\SYSTEM32\CRYPTBASE.dll
0x00007fff55bf0000 - 0x00007fff55c07000 	C:\Windows\SYSTEM32\dhcpcsvc6.DLL
0x00007fff55b60000 - 0x00007fff55b7d000 	C:\Windows\SYSTEM32\dhcpcsvc.DLL
0x00007fff4ace0000 - 0x00007fff4acf7000 	C:\Windows\system32\napinsp.dll
0x00007fff4acc0000 - 0x00007fff4acdb000 	C:\Windows\system32\pnrpnsp.dll
0x00007fff4ac80000 - 0x00007fff4ac95000 	C:\Windows\system32\wshbth.dll
0x00007fff55f30000 - 0x00007fff55f4d000 	C:\Windows\system32\NLAapi.dll
0x00007fff4ac60000 - 0x00007fff4ac72000 	C:\Windows\System32\winrnr.dll
0x00007fff3cf50000 - 0x00007fff3cf5d000 	C:\Program Files\Java\jdk-11.0.14\bin\sunmscapi.dll
0x00007fff5cfc0000 - 0x00007fff5d116000 	C:\Windows\System32\CRYPT32.dll
0x00007fff5c340000 - 0x00007fff5c367000 	C:\Windows\SYSTEM32\ncrypt.dll
0x00007fff5c300000 - 0x00007fff5c33b000 	C:\Windows\SYSTEM32\NTASN1.dll
0x00007fff3cf20000 - 0x00007fff3cf45000 	C:\Program Files\Java\jdk-11.0.14\bin\sunec.dll

dbghelp: loaded successfully - version: 4.0.5 - missing functions: none
symbol engine: initialized successfully - sym options: 0x614 - pdb path: .;C:\Program Files\Java\jdk-11.0.14\bin;C:\Windows\SYSTEM32;C:\Windows\WinSxS\amd64_microsoft.windows.common-controls_6595b64144ccf1df_6.0.19041.1110_none_60b5254171f9507e;C:\Program Files\Java\jdk-11.0.14\bin\server;C:\Program Files\JetBrains\IntelliJ IDEA 2021.3.2\bin

VM Arguments:
jvm_args: -XX:TieredStopAtLevel=1 -Xverify:none -Dspring.output.ansi.enabled=always -Dcom.sun.management.jmxremote -Dspring.jmx.enabled=true -Dspring.liveBeansView.mbeanDomain -Dspring.application.admin.enabled=true -javaagent:C:\Program Files\JetBrains\IntelliJ IDEA 2021.3.2\lib\idea_rt.jar=57536:C:\Program Files\JetBrains\IntelliJ IDEA 2021.3.2\bin -Dfile.encoding=UTF-8 
java_command: com.Atef.gestionstock.GestionDeStockApplication
java_class_path (initial): G:\gestionstock\target\classes;C:\Users\atefz\.m2\repository\org\springframework\boot\spring-boot-starter-data-jpa\2.7.0\spring-boot-starter-data-jpa-2.7.0.jar;C:\Users\atefz\.m2\repository\org\springframework\boot\spring-boot-starter-aop\2.7.0\spring-boot-starter-aop-2.7.0.jar;C:\Users\atefz\.m2\repository\org\aspectj\aspectjweaver\1.9.7\aspectjweaver-1.9.7.jar;C:\Users\atefz\.m2\repository\org\springframework\boot\spring-boot-starter-jdbc\2.7.0\spring-boot-starter-jdbc-2.7.0.jar;C:\Users\atefz\.m2\repository\com\zaxxer\HikariCP\4.0.3\HikariCP-4.0.3.jar;C:\Users\atefz\.m2\repository\org\springframework\spring-jdbc\5.3.20\spring-jdbc-5.3.20.jar;C:\Users\atefz\.m2\repository\jakarta\transaction\jakarta.transaction-api\1.3.3\jakarta.transaction-api-1.3.3.jar;C:\Users\atefz\.m2\repository\jakarta\persistence\jakarta.persistence-api\2.2.3\jakarta.persistence-api-2.2.3.jar;C:\Users\atefz\.m2\repository\org\hibernate\hibernate-core\5.6.9.Final\hibernate-core-5.6.9.Final.jar;C:\Users\atefz\.m2\repository\org\jboss\logging\jboss-logging\3.4.3.Final\jboss-logging-3.4.3.Final.jar;C:\Users\atefz\.m2\repository\net\bytebuddy\byte-buddy\1.12.10\byte-buddy-1.12.10.jar;C:\Users\atefz\.m2\repository\antlr\antlr\2.7.7\antlr-2.7.7.jar;C:\Users\atefz\.m2\repository\org\jboss\jandex\2.4.2.Final\jandex-2.4.2.Final.jar;C:\Users\atefz\.m2\repository\org\hibernate\common\hibernate-commons-annotations\5.1.2.Final\hibernate-commons-annotations-5.1.2.Final.jar;C:\Users\atefz\.m2\repository\org\glassfish\jaxb\jaxb-runtime\2.3.6\jaxb-runtime-2.3.6.jar;C:\Users\atefz\.m2\repository\org\glassfish\jaxb\txw2\2.3.6\txw2-2.3.6.jar;C:\Users\atefz\.m2\repository\com\sun\istack\istack-commons-runtime\3.0.12\istack-commons-runtime-3.0.12.jar;C:\Users\atefz\.m2\repository\com\sun\activation\jakarta.activation\1.2.2\jakarta.activation-1.2.2.jar;C:\Users\atefz\.m2\repository\org\springframework\data\spring-data-jpa\2.7.0\spring-data-jpa-2.7.0.jar;C:\Users\atefz\.m2\repository\or
Launcher Type: SUN_STANDARD

[Global flags]
     bool BytecodeVerificationLocal                = false                                     {product} {command line}
     bool BytecodeVerificationRemote               = false                                     {product} {command line}
     intx CICompilerCount                          = 4                                         {product} {ergonomic}
     uint ConcGCThreads                            = 2                                         {product} {ergonomic}
     uint G1ConcRefinementThreads                  = 8                                         {product} {ergonomic}
   size_t G1HeapRegionSize                         = 1048576                                   {product} {ergonomic}
    uintx GCDrainStackTargetSize                   = 64                                        {product} {ergonomic}
   size_t InitialHeapSize                          = 266338304                                 {product} {ergonomic}
     bool ManagementServer                         = true                                      {product} {command line}
   size_t MarkStackSize                            = 4194304                                   {product} {ergonomic}
   size_t MaxHeapSize                              = 4261412864                                {product} {ergonomic}
   size_t MaxNewSize                               = 2556428288                                {product} {ergonomic}
   size_t MinHeapDeltaBytes                        = 1048576                                   {product} {ergonomic}
    uintx NonNMethodCodeHeapSize                   = 7549744                                {pd product} {ergonomic}
    uintx NonProfiledCodeHeapSize                  = 244108496                              {pd product} {ergonomic}
    uintx ProfiledCodeHeapSize                     = 0                                      {pd product} {ergonomic}
    uintx ReservedCodeCacheSize                    = 251658240                              {pd product} {ergonomic}
     bool SegmentedCodeCache                       = true                                      {product} {ergonomic}
     intx TieredStopAtLevel                        = 1                                         {product} {command line}
     bool UseCompressedClassPointers               = true                                 {lp64_product} {ergonomic}
     bool UseCompressedOops                        = true                                 {lp64_product} {ergonomic}
     bool UseG1GC                                  = true                                      {product} {ergonomic}
     bool UseLargePagesIndividualAllocation        = false                                  {pd product} {ergonomic}

Logging:
Log output configuration:
 #0: stdout all=warning uptime,level,tags
 #1: stderr all=off uptime,level,tags

Environment Variables:
JAVA_HOME=C:\Program Files\Java\jdk1.8.0_321
CLASSPATH=C:\Program Files\Java\jdk1.8.0_321\jre\lib\ext
PATH=C:\Program Files\Common Files\Oracle\Java\javapath;C:\Program Files (x86)\Common Files\Oracle\Java\javapath;C:\Windows\system32;C:\Windows;C:\Windows\System32\Wbem;C:\Windows\System32\WindowsPowerShell\v1.0\;C:\Windows\System32\OpenSSH\;C:\Program Files\NVIDIA Corporation\NVIDIA NvDLISR;C:\Program Files (x86)\NVIDIA Corporation\PhysX\Common;C:\Program Files\Java\jdk1.8.0_321\bin;C:\Program Files\Java\jdk1.8.0_321\jre\lib\ext;C:\Program Files\Java\jdk-11.0.14\bin;C:\oraclexe\app\oracle\product\11.2.0\server;C:\Program Files\Git\cmd;C:\Users\atefz\AppData\Local\Microsoft\WindowsApps;C:\Program Files\JetBrains\IntelliJ IDEA 2021.3.2\bin;;C:\Users\atefz\AppData\Local\Programs\Microsoft VS Code\bin;C:\Users\atefz\AppData\Local\GitHubDesktop\bin
USERNAME=atefz
OS=Windows_NT
PROCESSOR_IDENTIFIER=Intel64 Family 6 Model 158 Stepping 10, GenuineIntel



---------------  S Y S T E M  ---------------

OS: Windows 10 , 64 bit Build 19041 (10.0.19041.1741)

CPU:total 8 (initial active 8) (4 cores per cpu, 2 threads per core) family 6 model 158 stepping 10 microcode 0xec, cmov, cx8, fxsr, mmx, sse, sse2, sse3, ssse3, sse4.1, sse4.2, popcnt, avx, avx2, aes, clmul, erms, 3dnowpref, lzcnt, ht, tsc, tscinvbit, bmi1, bmi2, adx, fma

Memory: 4k page, system-wide physical 16255M (6202M free)
TotalPageFile size 18687M (AvailPageFile size 5363M)
current process WorkingSet (physical memory assigned to process): 394M, peak: 394M
current process commit charge ("private bytes"): 508M, peak: 508M

vm_info: Java HotSpot(TM) 64-Bit Server VM (11.0.14+8-LTS-263) for windows-amd64 JRE (11.0.14+8-LTS-263), built on Dec  7 2021 21:53:57 by "mach5one" with MS VC++ 15.9 (VS2017)

END.
